2025-08-05 21:54:43,193 - __main__ - INFO - === 应用程序初始化开始 ===
2025-08-05 21:54:43,304 - utils.debug_tools - DEBUG - 键盘映射测试:
2025-08-05 21:54:43,305 - utils.debug_tools - DEBUG - 标准E键码(pygame.K_e): 101
2025-08-05 21:54:43,305 - utils.debug_tools - DEBUG - E键名称: e
2025-08-05 21:54:43,305 - utils.debug_tools - DEBUG - 键码 97 对应名称: a
2025-08-05 21:54:43,305 - utils.debug_tools - DEBUG - 键码 115 对应名称: s
2025-08-05 21:54:43,305 - utils.debug_tools - DEBUG - 键码 100 对应名称: d
2025-08-05 21:54:43,305 - utils.debug_tools - DEBUG - 键码 13 对应名称: return
2025-08-05 21:54:43,309 - __main__ - DEBUG - 加载和弦进行 - 风格: 日式ACG, 进行: 经典进行1
2025-08-05 21:54:43,309 - __main__ - DEBUG - 加载完成 - 和弦数: 4
2025-08-05 21:54:43,309 - __main__ - DEBUG - 更新和弦显示
2025-08-05 21:54:43,309 - __main__ - DEBUG - 当前选中和弦索引: 0
2025-08-05 21:54:43,309 - __main__ - DEBUG - 显示和弦: Imaj, 音符: [0, 4, 7]
2025-08-05 21:54:43,310 - __main__ - INFO - === 应用程序初始化完成 ===
2025-08-05 21:54:43,311 - __main__ - DEBUG - 收到事件: 4352 - 
2025-08-05 21:54:43,311 - __main__ - DEBUG - 网格编辑器处理结果: False
2025-08-05 21:54:43,311 - __main__ - DEBUG - 收到事件: 4352 - 
2025-08-05 21:54:43,311 - __main__ - DEBUG - 网格编辑器处理结果: False
2025-08-05 21:54:43,311 - __main__ - DEBUG - 收到事件: 4352 - 
2025-08-05 21:54:43,311 - __main__ - DEBUG - 网格编辑器处理结果: False
2025-08-05 21:54:43,311 - __main__ - DEBUG - 收到事件: 4352 - 
2025-08-05 21:54:43,311 - __main__ - DEBUG - 网格编辑器处理结果: False
2025-08-05 21:54:43,311 - __main__ - DEBUG - 收到事件: 32774 - 
2025-08-05 21:54:43,311 - __main__ - DEBUG - 网格编辑器处理结果: False
2025-08-05 21:54:43,311 - __main__ - DEBUG - 收到事件: 32768 - 
2025-08-05 21:54:43,312 - __main__ - DEBUG - 网格编辑器处理结果: False
2025-08-05 21:54:43,312 - __main__ - DEBUG - 收到事件: 32785 - 
2025-08-05 21:54:43,312 - __main__ - DEBUG - 网格编辑器处理结果: False
2025-08-05 21:54:43,312 - __main__ - DEBUG - 收到事件: 770 - 
2025-08-05 21:54:43,312 - __main__ - DEBUG - 网格编辑器处理结果: False
2025-08-05 21:54:43,312 - __main__ - DEBUG - 收到事件: 32768 - 
2025-08-05 21:54:43,312 - __main__ - DEBUG - 网格编辑器处理结果: False
2025-08-05 21:54:43,312 - __main__ - DEBUG - 收到事件: 32783 - 
2025-08-05 21:54:43,312 - __main__ - DEBUG - 网格编辑器处理结果: False
2025-08-05 21:54:43,312 - __main__ - DEBUG - 收到事件: 1024 - (261, 655)
2025-08-05 21:54:43,312 - __main__ - DEBUG - 网格编辑器处理结果: False
2025-08-05 21:54:43,312 - __main__ - DEBUG - 收到事件: 770 - 
2025-08-05 21:54:43,313 - __main__ - DEBUG - 网格编辑器处理结果: False
2025-08-05 21:54:43,313 - __main__ - DEBUG - 收到事件: 32770 - 
2025-08-05 21:54:43,313 - __main__ - DEBUG - 网格编辑器处理结果: False
2025-08-05 21:54:43,313 - __main__ - DEBUG - 收到事件: 32776 - 
2025-08-05 21:54:43,313 - __main__ - DEBUG - 网格编辑器处理结果: False
2025-08-05 21:54:43,845 - __main__ - DEBUG - 收到事件: 1024 - (262, 655)
2025-08-05 21:54:43,845 - __main__ - DEBUG - 网格编辑器处理结果: False
2025-08-05 21:54:43,846 - __main__ - DEBUG - 收到事件: 1024 - (262, 654)
2025-08-05 21:54:43,846 - __main__ - DEBUG - 网格编辑器处理结果: False
2025-08-05 21:54:43,878 - __main__ - DEBUG - 收到事件: 1024 - (266, 653)
2025-08-05 21:54:43,878 - __main__ - DEBUG - 网格编辑器处理结果: False
2025-08-05 21:54:44,313 - __main__ - DEBUG - 收到事件: 1024 - (260, 651)
2025-08-05 21:54:44,313 - __main__ - DEBUG - 网格编辑器处理结果: False
2025-08-05 21:54:44,347 - __main__ - DEBUG - 收到事件: 1024 - (245, 650)
2025-08-05 21:54:44,347 - __main__ - DEBUG - 网格编辑器处理结果: False
2025-08-05 21:54:44,381 - __main__ - DEBUG - 收到事件: 1024 - (229, 652)
2025-08-05 21:54:44,381 - __main__ - DEBUG - 网格编辑器处理结果: False
2025-08-05 21:54:44,415 - __main__ - DEBUG - 收到事件: 1024 - (226, 652)
2025-08-05 21:54:44,415 - __main__ - DEBUG - 网格编辑器处理结果: False
2025-08-05 21:54:44,616 - __main__ - DEBUG - 收到事件: 1024 - (224, 652)
2025-08-05 21:54:44,616 - __main__ - DEBUG - 网格编辑器处理结果: False
2025-08-05 21:54:44,649 - __main__ - DEBUG - 收到事件: 1024 - (214, 649)
2025-08-05 21:54:44,649 - __main__ - DEBUG - 网格编辑器处理结果: False
2025-08-05 21:54:44,683 - __main__ - DEBUG - 收到事件: 1024 - (214, 646)
2025-08-05 21:54:44,683 - __main__ - DEBUG - 网格编辑器处理结果: False
2025-08-05 21:54:44,717 - __main__ - DEBUG - 收到事件: 1024 - (215, 646)
2025-08-05 21:54:44,717 - __main__ - DEBUG - 网格编辑器处理结果: False
2025-08-05 21:54:44,750 - __main__ - DEBUG - 收到事件: 1024 - (216, 648)
2025-08-05 21:54:44,750 - __main__ - DEBUG - 网格编辑器处理结果: False
2025-08-05 21:54:44,784 - __main__ - DEBUG - 收到事件: 1024 - (222, 657)
2025-08-05 21:54:44,784 - __main__ - DEBUG - 网格编辑器处理结果: False
2025-08-05 21:54:44,817 - __main__ - DEBUG - 收到事件: 1024 - (243, 673)
2025-08-05 21:54:44,817 - __main__ - DEBUG - 网格编辑器处理结果: False
2025-08-05 21:54:44,851 - __main__ - DEBUG - 收到事件: 1024 - (276, 698)
2025-08-05 21:54:44,851 - __main__ - DEBUG - 网格编辑器处理结果: False
2025-08-05 21:54:44,918 - __main__ - DEBUG - 收到事件: 1024 - (310, 699)
2025-08-05 21:54:44,918 - __main__ - DEBUG - 网格编辑器处理结果: False
2025-08-05 21:54:44,918 - __main__ - DEBUG - 收到事件: 32768 - 
2025-08-05 21:54:44,918 - __main__ - DEBUG - 网格编辑器处理结果: False
2025-08-05 21:54:44,918 - __main__ - DEBUG - 收到事件: 32784 - 
2025-08-05 21:54:44,918 - __main__ - DEBUG - 网格编辑器处理结果: False
2025-08-05 21:54:45,450 - __main__ - DEBUG - 收到事件: 32768 - 
2025-08-05 21:54:45,451 - __main__ - DEBUG - 网格编辑器处理结果: False
2025-08-05 21:54:45,451 - __main__ - DEBUG - 收到事件: 32783 - 
2025-08-05 21:54:45,451 - __main__ - DEBUG - 网格编辑器处理结果: False
2025-08-05 21:54:45,451 - __main__ - DEBUG - 收到事件: 1024 - (282, 697)
2025-08-05 21:54:45,451 - __main__ - DEBUG - 网格编辑器处理结果: False
2025-08-05 21:54:45,451 - __main__ - DEBUG - 收到事件: 1024 - (281, 696)
2025-08-05 21:54:45,451 - __main__ - DEBUG - 网格编辑器处理结果: False
2025-08-05 21:54:45,484 - __main__ - DEBUG - 收到事件: 1024 - (260, 679)
2025-08-05 21:54:45,484 - __main__ - DEBUG - 网格编辑器处理结果: False
2025-08-05 21:54:45,518 - __main__ - DEBUG - 收到事件: 1024 - (219, 651)
2025-08-05 21:54:45,518 - __main__ - DEBUG - 网格编辑器处理结果: False
2025-08-05 21:54:45,551 - __main__ - DEBUG - 收到事件: 1024 - (184, 623)
2025-08-05 21:54:45,551 - __main__ - DEBUG - 网格编辑器处理结果: False
2025-08-05 21:54:45,585 - __main__ - DEBUG - 收到事件: 1024 - (155, 599)
2025-08-05 21:54:45,585 - __main__ - DEBUG - 网格编辑器处理结果: False
2025-08-05 21:54:45,618 - __main__ - DEBUG - 收到事件: 1024 - (148, 591)
2025-08-05 21:54:45,618 - __main__ - DEBUG - 网格编辑器处理结果: False
2025-08-05 21:54:45,652 - __main__ - DEBUG - 收到事件: 1024 - (147, 587)
2025-08-05 21:54:45,652 - __main__ - DEBUG - 网格编辑器处理结果: False
2025-08-05 21:54:45,685 - __main__ - DEBUG - 收到事件: 1024 - (147, 584)
2025-08-05 21:54:45,685 - __main__ - DEBUG - 网格编辑器处理结果: False
2025-08-05 21:54:45,719 - __main__ - DEBUG - 收到事件: 1024 - (147, 582)
2025-08-05 21:54:45,719 - __main__ - DEBUG - 网格编辑器处理结果: False
2025-08-05 21:54:45,752 - __main__ - DEBUG - 收到事件: 1024 - (147, 581)
2025-08-05 21:54:45,752 - __main__ - DEBUG - 网格编辑器处理结果: False
2025-08-05 21:54:45,887 - __main__ - DEBUG - 收到事件: 1024 - (146, 581)
2025-08-05 21:54:45,887 - __main__ - DEBUG - 网格编辑器处理结果: False
2025-08-05 21:54:45,987 - __main__ - DEBUG - 收到事件: 1024 - (145, 581)
2025-08-05 21:54:45,987 - __main__ - DEBUG - 网格编辑器处理结果: False
2025-08-05 21:54:46,020 - __main__ - DEBUG - 收到事件: 1024 - (144, 581)
2025-08-05 21:54:46,020 - __main__ - DEBUG - 网格编辑器处理结果: False
2025-08-05 21:54:46,054 - __main__ - DEBUG - 收到事件: 1024 - (144, 582)
2025-08-05 21:54:46,055 - __main__ - DEBUG - 网格编辑器处理结果: False
2025-08-05 21:54:46,321 - __main__ - DEBUG - 收到事件: 1024 - (143, 582)
2025-08-05 21:54:46,321 - __main__ - DEBUG - 网格编辑器处理结果: False
2025-08-05 21:54:46,488 - __main__ - DEBUG - 收到事件: 1024 - (143, 583)
2025-08-05 21:54:46,488 - __main__ - DEBUG - 网格编辑器处理结果: False
2025-08-05 21:54:46,521 - __main__ - DEBUG - 收到事件: 1024 - (148, 584)
2025-08-05 21:54:46,521 - __main__ - DEBUG - 网格编辑器处理结果: False
2025-08-05 21:54:46,554 - __main__ - DEBUG - 收到事件: 1024 - (179, 590)
2025-08-05 21:54:46,555 - __main__ - DEBUG - 网格编辑器处理结果: False
2025-08-05 21:54:46,588 - __main__ - DEBUG - 收到事件: 1024 - (267, 596)
2025-08-05 21:54:46,588 - __main__ - DEBUG - 网格编辑器处理结果: False
2025-08-05 21:54:46,620 - __main__ - DEBUG - 收到事件: 1024 - (391, 597)
2025-08-05 21:54:46,620 - __main__ - DEBUG - 网格编辑器处理结果: False
2025-08-05 21:54:46,655 - __main__ - DEBUG - 收到事件: 1024 - (485, 596)
2025-08-05 21:54:46,655 - __main__ - DEBUG - 网格编辑器处理结果: False
2025-08-05 21:54:46,688 - __main__ - DEBUG - 收到事件: 1024 - (521, 594)
2025-08-05 21:54:46,688 - __main__ - DEBUG - 网格编辑器处理结果: False
2025-08-05 21:54:46,722 - __main__ - DEBUG - 收到事件: 1024 - (520, 594)
2025-08-05 21:54:46,722 - __main__ - DEBUG - 网格编辑器处理结果: False
2025-08-05 21:54:46,755 - __main__ - DEBUG - 收到事件: 1024 - (508, 593)
2025-08-05 21:54:46,755 - __main__ - DEBUG - 网格编辑器处理结果: False
2025-08-05 21:54:46,788 - __main__ - DEBUG - 收到事件: 1024 - (497, 592)
2025-08-05 21:54:46,788 - __main__ - DEBUG - 网格编辑器处理结果: False
2025-08-05 21:54:46,822 - __main__ - DEBUG - 收到事件: 1024 - (492, 591)
2025-08-05 21:54:46,822 - __main__ - DEBUG - 网格编辑器处理结果: False
2025-08-05 21:54:46,855 - __main__ - DEBUG - 收到事件: 1024 - (491, 591)
2025-08-05 21:54:46,855 - __main__ - DEBUG - 网格编辑器处理结果: False
2025-08-05 21:54:46,923 - __main__ - DEBUG - 收到事件: 1024 - (489, 591)
2025-08-05 21:54:46,923 - __main__ - DEBUG - 网格编辑器处理结果: False
2025-08-05 21:54:46,956 - __main__ - DEBUG - 收到事件: 1024 - (486, 591)
2025-08-05 21:54:46,956 - __main__ - DEBUG - 网格编辑器处理结果: False
2025-08-05 21:54:46,990 - __main__ - DEBUG - 收到事件: 1024 - (479, 590)
2025-08-05 21:54:46,990 - __main__ - DEBUG - 网格编辑器处理结果: False
2025-08-05 21:54:47,024 - __main__ - DEBUG - 收到事件: 1024 - (470, 590)
2025-08-05 21:54:47,024 - __main__ - DEBUG - 网格编辑器处理结果: False
2025-08-05 21:54:47,057 - __main__ - DEBUG - 收到事件: 1024 - (458, 588)
2025-08-05 21:54:47,057 - __main__ - DEBUG - 网格编辑器处理结果: False
2025-08-05 21:54:47,057 - __main__ - DEBUG - 收到事件: 1024 - (457, 588)
2025-08-05 21:54:47,058 - __main__ - DEBUG - 网格编辑器处理结果: False
2025-08-05 21:54:47,091 - __main__ - DEBUG - 收到事件: 1024 - (448, 588)
2025-08-05 21:54:47,091 - __main__ - DEBUG - 网格编辑器处理结果: False
2025-08-05 21:54:47,126 - __main__ - DEBUG - 收到事件: 1024 - (440, 587)
2025-08-05 21:54:47,126 - __main__ - DEBUG - 网格编辑器处理结果: False
2025-08-05 21:54:47,160 - __main__ - DEBUG - 收到事件: 1024 - (436, 587)
2025-08-05 21:54:47,160 - __main__ - DEBUG - 网格编辑器处理结果: False
2025-08-05 21:54:47,193 - __main__ - DEBUG - 收到事件: 1024 - (435, 587)
2025-08-05 21:54:47,193 - __main__ - DEBUG - 网格编辑器处理结果: False
2025-08-05 21:54:47,227 - __main__ - DEBUG - 收到事件: 1024 - (434, 587)
2025-08-05 21:54:47,227 - __main__ - DEBUG - 网格编辑器处理结果: False
2025-08-05 21:54:47,262 - __main__ - DEBUG - 收到事件: 1024 - (433, 588)
2025-08-05 21:54:47,262 - __main__ - DEBUG - 网格编辑器处理结果: False
2025-08-05 21:54:47,296 - __main__ - DEBUG - 收到事件: 1024 - (432, 588)
2025-08-05 21:54:47,296 - __main__ - DEBUG - 网格编辑器处理结果: False
2025-08-05 21:54:47,431 - __main__ - DEBUG - 收到事件: 1024 - (432, 589)
2025-08-05 21:54:47,431 - __main__ - DEBUG - 网格编辑器处理结果: False
2025-08-05 21:54:47,599 - __main__ - DEBUG - 收到事件: 1024 - (430, 589)
2025-08-05 21:54:47,599 - __main__ - DEBUG - 网格编辑器处理结果: False
2025-08-05 21:54:59,442 - __main__ - DEBUG - 收到事件: 1024 - (429, 590)
2025-08-05 21:54:59,442 - __main__ - DEBUG - 网格编辑器处理结果: False
2025-08-05 21:54:59,475 - __main__ - DEBUG - 收到事件: 1024 - (420, 591)
2025-08-05 21:54:59,475 - __main__ - DEBUG - 网格编辑器处理结果: False
2025-08-05 21:54:59,507 - __main__ - DEBUG - 收到事件: 1024 - (399, 591)
2025-08-05 21:54:59,507 - __main__ - DEBUG - 网格编辑器处理结果: False
2025-08-05 21:54:59,541 - __main__ - DEBUG - 收到事件: 1024 - (349, 586)
2025-08-05 21:54:59,541 - __main__ - DEBUG - 网格编辑器处理结果: False
2025-08-05 21:54:59,576 - __main__ - DEBUG - 收到事件: 1024 - (301, 588)
2025-08-05 21:54:59,576 - __main__ - DEBUG - 网格编辑器处理结果: False
2025-08-05 21:54:59,610 - __main__ - DEBUG - 收到事件: 1024 - (284, 593)
2025-08-05 21:54:59,610 - __main__ - DEBUG - 网格编辑器处理结果: False
2025-08-05 21:54:59,812 - __main__ - DEBUG - 收到事件: 1024 - (277, 592)
2025-08-05 21:54:59,812 - __main__ - DEBUG - 网格编辑器处理结果: False
2025-08-05 21:54:59,846 - __main__ - DEBUG - 收到事件: 1024 - (267, 591)
2025-08-05 21:54:59,846 - __main__ - DEBUG - 网格编辑器处理结果: False
2025-08-05 21:54:59,880 - __main__ - DEBUG - 收到事件: 1024 - (253, 591)
2025-08-05 21:54:59,880 - __main__ - DEBUG - 网格编辑器处理结果: False
2025-08-05 21:54:59,913 - __main__ - DEBUG - 收到事件: 1024 - (238, 591)
2025-08-05 21:54:59,913 - __main__ - DEBUG - 网格编辑器处理结果: False
2025-08-05 21:54:59,946 - __main__ - DEBUG - 收到事件: 1024 - (227, 591)
2025-08-05 21:54:59,946 - __main__ - DEBUG - 网格编辑器处理结果: False
2025-08-05 21:54:59,980 - __main__ - DEBUG - 收到事件: 1024 - (222, 590)
2025-08-05 21:54:59,980 - __main__ - DEBUG - 网格编辑器处理结果: False
2025-08-05 21:55:00,079 - __main__ - DEBUG - 收到事件: 1024 - (220, 590)
2025-08-05 21:55:00,079 - __main__ - DEBUG - 网格编辑器处理结果: False
2025-08-05 21:55:00,113 - __main__ - DEBUG - 收到事件: 1024 - (216, 590)
2025-08-05 21:55:00,113 - __main__ - DEBUG - 网格编辑器处理结果: False
2025-08-05 21:55:00,147 - __main__ - DEBUG - 收到事件: 1024 - (211, 590)
2025-08-05 21:55:00,147 - __main__ - DEBUG - 网格编辑器处理结果: False
2025-08-05 21:55:00,180 - __main__ - DEBUG - 收到事件: 1024 - (208, 590)
2025-08-05 21:55:00,180 - __main__ - DEBUG - 网格编辑器处理结果: False
2025-08-05 21:55:00,851 - __main__ - DEBUG - 收到事件: 1024 - (209, 590)
2025-08-05 21:55:00,851 - __main__ - DEBUG - 网格编辑器处理结果: False
2025-08-05 21:55:01,625 - __main__ - DEBUG - 收到事件: 770 - 
2025-08-05 21:55:01,625 - __main__ - DEBUG - 网格编辑器处理结果: False
2025-08-05 21:55:01,625 - __main__ - DEBUG - 收到事件: 770 - 
2025-08-05 21:55:01,625 - __main__ - DEBUG - 网格编辑器处理结果: False
2025-08-05 21:55:01,692 - __main__ - DEBUG - 收到事件: 768 - 
2025-08-05 21:55:01,692 - __main__ - DEBUG - 按键按下: up (code: 1073741906)
2025-08-05 21:55:01,692 - __main__ - INFO - BPM增加到: 125
2025-08-05 21:55:01,692 - __main__ - DEBUG - 网格编辑器处理结果: False
2025-08-05 21:55:01,790 - __main__ - DEBUG - 收到事件: 769 - 
2025-08-05 21:55:01,790 - __main__ - DEBUG - 网格编辑器处理结果: False
2025-08-05 21:55:02,125 - __main__ - DEBUG - 收到事件: 768 - 
2025-08-05 21:55:02,125 - __main__ - DEBUG - 按键按下: up (code: 1073741906)
2025-08-05 21:55:02,125 - __main__ - INFO - BPM增加到: 130
2025-08-05 21:55:02,125 - __main__ - DEBUG - 网格编辑器处理结果: False
2025-08-05 21:55:02,260 - __main__ - DEBUG - 收到事件: 769 - 
2025-08-05 21:55:02,260 - __main__ - DEBUG - 网格编辑器处理结果: False
2025-08-05 21:55:02,530 - __main__ - DEBUG - 收到事件: 768 - 
2025-08-05 21:55:02,530 - __main__ - DEBUG - 按键按下: up (code: 1073741906)
2025-08-05 21:55:02,530 - __main__ - INFO - BPM增加到: 135
2025-08-05 21:55:02,530 - __main__ - DEBUG - 网格编辑器处理结果: False
2025-08-05 21:55:02,665 - __main__ - DEBUG - 收到事件: 769 - 
2025-08-05 21:55:02,665 - __main__ - DEBUG - 网格编辑器处理结果: False
2025-08-05 21:55:03,103 - __main__ - DEBUG - 收到事件: 768 - 
2025-08-05 21:55:03,103 - __main__ - DEBUG - 按键按下: up (code: 1073741906)
2025-08-05 21:55:03,103 - __main__ - INFO - BPM增加到: 140
2025-08-05 21:55:03,103 - __main__ - DEBUG - 网格编辑器处理结果: False
2025-08-05 21:55:03,239 - __main__ - DEBUG - 收到事件: 769 - 
2025-08-05 21:55:03,239 - __main__ - DEBUG - 网格编辑器处理结果: False
2025-08-05 21:55:03,473 - __main__ - DEBUG - 收到事件: 768 - 
2025-08-05 21:55:03,473 - __main__ - DEBUG - 按键按下: up (code: 1073741906)
2025-08-05 21:55:03,473 - __main__ - INFO - BPM增加到: 145
2025-08-05 21:55:03,473 - __main__ - DEBUG - 网格编辑器处理结果: False
2025-08-05 21:55:03,572 - __main__ - DEBUG - 收到事件: 769 - 
2025-08-05 21:55:03,572 - __main__ - DEBUG - 网格编辑器处理结果: False
2025-08-05 21:55:03,739 - __main__ - DEBUG - 收到事件: 768 - 
2025-08-05 21:55:03,739 - __main__ - DEBUG - 按键按下: up (code: 1073741906)
2025-08-05 21:55:03,739 - __main__ - INFO - BPM增加到: 150
2025-08-05 21:55:03,739 - __main__ - DEBUG - 网格编辑器处理结果: False
2025-08-05 21:55:03,840 - __main__ - DEBUG - 收到事件: 769 - 
2025-08-05 21:55:03,840 - __main__ - DEBUG - 网格编辑器处理结果: False
2025-08-05 21:55:05,889 - __main__ - DEBUG - 收到事件: 1024 - (211, 590)
2025-08-05 21:55:05,889 - __main__ - DEBUG - 网格编辑器处理结果: False
2025-08-05 21:55:05,922 - __main__ - DEBUG - 收到事件: 1024 - (234, 588)
2025-08-05 21:55:05,922 - __main__ - DEBUG - 网格编辑器处理结果: False
2025-08-05 21:55:05,956 - __main__ - DEBUG - 收到事件: 1024 - (260, 589)
2025-08-05 21:55:05,956 - __main__ - DEBUG - 网格编辑器处理结果: False
2025-08-05 21:55:05,956 - __main__ - DEBUG - 收到事件: 1024 - (261, 589)
2025-08-05 21:55:05,957 - __main__ - DEBUG - 网格编辑器处理结果: False
2025-08-05 21:55:05,990 - __main__ - DEBUG - 收到事件: 1024 - (270, 592)
2025-08-05 21:55:05,990 - __main__ - DEBUG - 网格编辑器处理结果: False
2025-08-05 21:55:06,023 - __main__ - DEBUG - 收到事件: 1024 - (268, 597)
2025-08-05 21:55:06,023 - __main__ - DEBUG - 网格编辑器处理结果: False
2025-08-05 21:55:06,057 - __main__ - DEBUG - 收到事件: 1024 - (263, 599)
2025-08-05 21:55:06,057 - __main__ - DEBUG - 网格编辑器处理结果: False
2025-08-05 21:55:06,190 - __main__ - DEBUG - 收到事件: 1024 - (262, 601)
2025-08-05 21:55:06,190 - __main__ - DEBUG - 网格编辑器处理结果: False
2025-08-05 21:55:06,256 - __main__ - DEBUG - 收到事件: 1024 - (267, 601)
2025-08-05 21:55:06,256 - __main__ - DEBUG - 网格编辑器处理结果: False
2025-08-05 21:55:06,289 - __main__ - DEBUG - 收到事件: 1024 - (271, 600)
2025-08-05 21:55:06,289 - __main__ - DEBUG - 网格编辑器处理结果: False
2025-08-05 21:55:06,323 - __main__ - DEBUG - 收到事件: 1024 - (273, 600)
2025-08-05 21:55:06,323 - __main__ - DEBUG - 网格编辑器处理结果: False
2025-08-05 21:55:06,356 - __main__ - DEBUG - 收到事件: 1024 - (274, 600)
2025-08-05 21:55:06,356 - __main__ - DEBUG - 网格编辑器处理结果: False
2025-08-05 21:55:06,424 - __main__ - DEBUG - 收到事件: 1024 - (275, 600)
2025-08-05 21:55:06,424 - __main__ - DEBUG - 网格编辑器处理结果: False
2025-08-05 21:55:06,525 - __main__ - DEBUG - 收到事件: 1024 - (276, 599)
2025-08-05 21:55:06,525 - __main__ - DEBUG - 网格编辑器处理结果: False
2025-08-05 21:55:06,794 - __main__ - DEBUG - 收到事件: 1024 - (276, 596)
2025-08-05 21:55:06,794 - __main__ - DEBUG - 网格编辑器处理结果: False
2025-08-05 21:55:06,828 - __main__ - DEBUG - 收到事件: 1024 - (273, 575)
2025-08-05 21:55:06,828 - __main__ - DEBUG - 网格编辑器处理结果: False
2025-08-05 21:55:06,861 - __main__ - DEBUG - 收到事件: 1024 - (241, 506)
2025-08-05 21:55:06,861 - __main__ - DEBUG - 网格编辑器处理结果: False
2025-08-05 21:55:06,895 - __main__ - DEBUG - 收到事件: 1024 - (190, 425)
2025-08-05 21:55:06,895 - __main__ - DEBUG - 网格编辑器处理结果: False
2025-08-05 21:55:06,928 - __main__ - DEBUG - 收到事件: 1024 - (156, 378)
2025-08-05 21:55:06,928 - __main__ - DEBUG - 网格编辑器处理结果: False
2025-08-05 21:55:06,962 - __main__ - DEBUG - 收到事件: 1024 - (156, 369)
2025-08-05 21:55:06,962 - __main__ - DEBUG - 网格编辑器处理结果: False
2025-08-05 21:55:06,996 - __main__ - DEBUG - 收到事件: 1024 - (157, 369)
2025-08-05 21:55:06,996 - __main__ - DEBUG - 网格编辑器处理结果: False
2025-08-05 21:55:07,165 - __main__ - DEBUG - 收到事件: 1024 - (156, 365)
2025-08-05 21:55:07,165 - __main__ - DEBUG - 网格编辑器处理结果: False
2025-08-05 21:55:07,198 - __main__ - DEBUG - 收到事件: 1024 - (142, 340)
2025-08-05 21:55:07,198 - __main__ - DEBUG - 网格编辑器处理结果: False
2025-08-05 21:55:07,232 - __main__ - DEBUG - 收到事件: 1024 - (104, 292)
2025-08-05 21:55:07,232 - __main__ - DEBUG - 网格编辑器处理结果: False
2025-08-05 21:55:07,265 - __main__ - DEBUG - 收到事件: 1024 - (98, 272)
2025-08-05 21:55:07,265 - __main__ - DEBUG - 网格编辑器处理结果: False
2025-08-05 21:55:07,299 - __main__ - DEBUG - 收到事件: 1024 - (94, 253)
2025-08-05 21:55:07,299 - __main__ - DEBUG - 网格编辑器处理结果: False
2025-08-05 21:55:07,332 - __main__ - DEBUG - 收到事件: 1024 - (94, 249)
2025-08-05 21:55:07,332 - __main__ - DEBUG - 网格编辑器处理结果: False
2025-08-05 21:55:07,400 - __main__ - DEBUG - 收到事件: 1024 - (94, 251)
2025-08-05 21:55:07,400 - __main__ - DEBUG - 网格编辑器处理结果: False
2025-08-05 21:55:07,433 - __main__ - DEBUG - 收到事件: 1024 - (95, 255)
2025-08-05 21:55:07,433 - __main__ - DEBUG - 网格编辑器处理结果: False
2025-08-05 21:55:07,467 - __main__ - DEBUG - 收到事件: 1024 - (95, 259)
2025-08-05 21:55:07,467 - __main__ - DEBUG - 网格编辑器处理结果: False
2025-08-05 21:55:07,501 - __main__ - DEBUG - 收到事件: 1024 - (96, 260)
2025-08-05 21:55:07,501 - __main__ - DEBUG - 网格编辑器处理结果: False
2025-08-05 21:55:07,535 - __main__ - DEBUG - 收到事件: 1024 - (96, 261)
2025-08-05 21:55:07,535 - __main__ - DEBUG - 网格编辑器处理结果: False
2025-08-05 21:55:07,569 - __main__ - DEBUG - 收到事件: 1024 - (96, 262)
2025-08-05 21:55:07,569 - __main__ - DEBUG - 网格编辑器处理结果: False
2025-08-05 21:55:07,602 - __main__ - DEBUG - 收到事件: 1024 - (96, 263)
2025-08-05 21:55:07,602 - __main__ - DEBUG - 网格编辑器处理结果: False
2025-08-05 21:55:07,635 - __main__ - DEBUG - 收到事件: 1024 - (96, 266)
2025-08-05 21:55:07,635 - __main__ - DEBUG - 网格编辑器处理结果: False
2025-08-05 21:55:07,668 - __main__ - DEBUG - 收到事件: 1024 - (96, 279)
2025-08-05 21:55:07,668 - __main__ - DEBUG - 网格编辑器处理结果: False
2025-08-05 21:55:07,702 - __main__ - DEBUG - 收到事件: 1024 - (101, 307)
2025-08-05 21:55:07,702 - __main__ - DEBUG - 网格编辑器处理结果: False
2025-08-05 21:55:07,736 - __main__ - DEBUG - 收到事件: 1024 - (112, 337)
2025-08-05 21:55:07,736 - __main__ - DEBUG - 网格编辑器处理结果: False
2025-08-05 21:55:07,769 - __main__ - DEBUG - 收到事件: 1024 - (129, 367)
2025-08-05 21:55:07,769 - __main__ - DEBUG - 网格编辑器处理结果: False
2025-08-05 21:55:07,803 - __main__ - DEBUG - 收到事件: 1024 - (148, 399)
2025-08-05 21:55:07,803 - __main__ - DEBUG - 网格编辑器处理结果: False
2025-08-05 21:55:07,836 - __main__ - DEBUG - 收到事件: 1024 - (162, 414)
2025-08-05 21:55:07,836 - __main__ - DEBUG - 网格编辑器处理结果: False
2025-08-05 21:55:07,868 - __main__ - DEBUG - 收到事件: 1024 - (172, 419)
2025-08-05 21:55:07,868 - __main__ - DEBUG - 网格编辑器处理结果: False
2025-08-05 21:55:07,903 - __main__ - DEBUG - 收到事件: 1024 - (177, 421)
2025-08-05 21:55:07,903 - __main__ - DEBUG - 网格编辑器处理结果: False
2025-08-05 21:55:08,908 - __main__ - DEBUG - 收到事件: 1024 - (183, 418)
2025-08-05 21:55:08,908 - __main__ - DEBUG - 网格编辑器处理结果: False
2025-08-05 21:55:08,942 - __main__ - DEBUG - 收到事件: 1024 - (189, 410)
2025-08-05 21:55:08,942 - __main__ - DEBUG - 网格编辑器处理结果: False
2025-08-05 21:55:08,976 - __main__ - DEBUG - 收到事件: 1024 - (189, 407)
2025-08-05 21:55:08,976 - __main__ - DEBUG - 网格编辑器处理结果: False
2025-08-05 21:55:10,684 - __main__ - DEBUG - 收到事件: 768 - 
2025-08-05 21:55:10,684 - __main__ - DEBUG - 按键按下: left shift (code: 1073742049)
2025-08-05 21:55:10,685 - __main__ - DEBUG - 网格编辑器处理结果: False
2025-08-05 21:55:10,817 - __main__ - DEBUG - 收到事件: 769 - 
2025-08-05 21:55:10,817 - __main__ - DEBUG - 网格编辑器处理结果: False
2025-08-05 21:55:11,556 - __main__ - DEBUG - 收到事件: 768 - 
2025-08-05 21:55:11,556 - __main__ - DEBUG - 按键按下: e (code: 101)
2025-08-05 21:55:11,556 - __main__ - INFO - 检测到E键按下，触发导出
2025-08-05 21:55:11,556 - __main__ - INFO - 开始导出MIDI...
2025-08-05 21:55:11,556 - __main__ - DEBUG - 导出路径: D:\midi生成器\src\chord_progression.mid
2025-08-05 21:55:11,557 - __main__ - INFO - 导出成功! 文件大小: 136字节
2025-08-05 21:55:11,828 - __main__ - DEBUG - 收到事件: 769 - 
2025-08-05 21:55:11,828 - __main__ - DEBUG - 网格编辑器处理结果: False
2025-08-05 21:55:12,198 - __main__ - DEBUG - 收到事件: 1024 - (189, 408)
2025-08-05 21:55:12,198 - __main__ - DEBUG - 网格编辑器处理结果: False
2025-08-05 21:55:12,230 - __main__ - DEBUG - 收到事件: 1024 - (190, 415)
2025-08-05 21:55:12,230 - __main__ - DEBUG - 网格编辑器处理结果: False
2025-08-05 21:55:12,264 - __main__ - DEBUG - 收到事件: 1024 - (223, 456)
2025-08-05 21:55:12,264 - __main__ - DEBUG - 网格编辑器处理结果: False
2025-08-05 21:55:12,298 - __main__ - DEBUG - 收到事件: 1024 - (346, 575)
2025-08-05 21:55:12,298 - __main__ - DEBUG - 网格编辑器处理结果: False
2025-08-05 21:55:12,332 - __main__ - DEBUG - 收到事件: 1024 - (440, 675)
2025-08-05 21:55:12,332 - __main__ - DEBUG - 网格编辑器处理结果: False
2025-08-05 21:55:12,332 - __main__ - DEBUG - 收到事件: 1024 - (444, 681)
2025-08-05 21:55:12,333 - __main__ - DEBUG - 网格编辑器处理结果: False
2025-08-05 21:55:12,399 - __main__ - DEBUG - 收到事件: 1024 - (485, 699)
2025-08-05 21:55:12,399 - __main__ - DEBUG - 网格编辑器处理结果: False
2025-08-05 21:55:12,399 - __main__ - DEBUG - 收到事件: 32768 - 
2025-08-05 21:55:12,399 - __main__ - DEBUG - 网格编辑器处理结果: False
2025-08-05 21:55:12,399 - __main__ - DEBUG - 收到事件: 32784 - 
2025-08-05 21:55:12,399 - __main__ - DEBUG - 网格编辑器处理结果: False
2025-08-05 21:55:12,935 - __main__ - DEBUG - 收到事件: 32768 - 
2025-08-05 21:55:12,935 - __main__ - DEBUG - 网格编辑器处理结果: False
2025-08-05 21:55:12,935 - __main__ - DEBUG - 收到事件: 32786 - 
2025-08-05 21:55:12,935 - __main__ - DEBUG - 网格编辑器处理结果: False
2025-08-05 21:55:12,935 - __main__ - DEBUG - 收到事件: 770 - 
2025-08-05 21:55:12,935 - __main__ - DEBUG - 网格编辑器处理结果: False
2025-08-05 21:55:49,841 - __main__ - DEBUG - 收到事件: 32768 - 
2025-08-05 21:55:49,841 - __main__ - DEBUG - 网格编辑器处理结果: False
2025-08-05 21:55:49,841 - __main__ - DEBUG - 收到事件: 32783 - 
2025-08-05 21:55:49,842 - __main__ - DEBUG - 网格编辑器处理结果: False
2025-08-05 21:55:49,842 - __main__ - DEBUG - 收到事件: 1024 - (37, 683)
2025-08-05 21:55:49,842 - __main__ - DEBUG - 网格编辑器处理结果: False
2025-08-05 21:55:49,842 - __main__ - DEBUG - 收到事件: 1024 - (51, 681)
2025-08-05 21:55:49,842 - __main__ - DEBUG - 网格编辑器处理结果: False
2025-08-05 21:55:49,875 - __main__ - DEBUG - 收到事件: 1024 - (157, 671)
2025-08-05 21:55:49,875 - __main__ - DEBUG - 网格编辑器处理结果: False
2025-08-05 21:55:49,908 - __main__ - DEBUG - 收到事件: 1024 - (137, 675)
2025-08-05 21:55:49,908 - __main__ - DEBUG - 网格编辑器处理结果: False
2025-08-05 21:55:50,075 - __main__ - DEBUG - 收到事件: 1024 - (138, 670)
2025-08-05 21:55:50,075 - __main__ - DEBUG - 网格编辑器处理结果: False
2025-08-05 21:55:50,110 - __main__ - DEBUG - 收到事件: 1024 - (267, 663)
2025-08-05 21:55:50,110 - __main__ - DEBUG - 网格编辑器处理结果: False
2025-08-05 21:55:50,143 - __main__ - DEBUG - 收到事件: 1024 - (497, 653)
2025-08-05 21:55:50,143 - __main__ - DEBUG - 网格编辑器处理结果: False
2025-08-05 21:55:50,177 - __main__ - DEBUG - 收到事件: 1024 - (735, 612)
2025-08-05 21:55:50,177 - __main__ - DEBUG - 网格编辑器处理结果: False
2025-08-05 21:55:50,210 - __main__ - DEBUG - 收到事件: 1024 - (934, 567)
2025-08-05 21:55:50,210 - __main__ - DEBUG - 网格编辑器处理结果: False
2025-08-05 21:55:50,277 - __main__ - DEBUG - 收到事件: 1024 - (999, 532)
2025-08-05 21:55:50,277 - __main__ - DEBUG - 网格编辑器处理结果: False
2025-08-05 21:55:50,277 - __main__ - DEBUG - 收到事件: 32768 - 
2025-08-05 21:55:50,277 - __main__ - DEBUG - 网格编辑器处理结果: False
2025-08-05 21:55:50,277 - __main__ - DEBUG - 收到事件: 32784 - 
2025-08-05 21:55:50,277 - __main__ - DEBUG - 网格编辑器处理结果: False
2025-08-05 21:55:51,753 - __main__ - DEBUG - 收到事件: 32768 - 
2025-08-05 21:55:51,753 - __main__ - DEBUG - 网格编辑器处理结果: False
2025-08-05 21:55:51,753 - __main__ - DEBUG - 收到事件: 32783 - 
2025-08-05 21:55:51,753 - __main__ - DEBUG - 网格编辑器处理结果: False
2025-08-05 21:55:51,753 - __main__ - DEBUG - 收到事件: 1024 - (999, 20)
2025-08-05 21:55:51,754 - __main__ - DEBUG - 网格编辑器处理结果: False
2025-08-05 21:55:51,787 - __main__ - DEBUG - 收到事件: 1024 - (995, 15)
2025-08-05 21:55:51,787 - __main__ - DEBUG - 网格编辑器处理结果: False
2025-08-05 21:55:51,820 - __main__ - DEBUG - 收到事件: 1024 - (988, 9)
2025-08-05 21:55:51,820 - __main__ - DEBUG - 网格编辑器处理结果: False
2025-08-05 21:55:51,854 - __main__ - DEBUG - 收到事件: 1024 - (987, 5)
2025-08-05 21:55:51,854 - __main__ - DEBUG - 网格编辑器处理结果: False
2025-08-05 21:55:51,887 - __main__ - DEBUG - 收到事件: 1024 - (983, 0)
2025-08-05 21:55:51,887 - __main__ - DEBUG - 网格编辑器处理结果: False
2025-08-05 21:55:51,887 - __main__ - DEBUG - 收到事件: 32768 - 
2025-08-05 21:55:51,888 - __main__ - DEBUG - 网格编辑器处理结果: False
2025-08-05 21:55:51,888 - __main__ - DEBUG - 收到事件: 32784 - 
2025-08-05 21:55:51,888 - __main__ - DEBUG - 网格编辑器处理结果: False
2025-08-05 21:55:52,172 - __main__ - DEBUG - 收到事件: 32768 - 
2025-08-05 21:55:52,172 - __main__ - DEBUG - 网格编辑器处理结果: False
2025-08-05 21:55:52,173 - __main__ - DEBUG - 收到事件: 32785 - 
2025-08-05 21:55:52,173 - __main__ - DEBUG - 网格编辑器处理结果: False
2025-08-05 21:55:52,173 - __main__ - DEBUG - 收到事件: 32787 - 
2025-08-05 21:55:52,173 - __main__ - DEBUG - 网格编辑器处理结果: False
2025-08-05 21:55:52,173 - __main__ - DEBUG - 收到事件: 256 - 
2025-08-05 21:55:52,173 - __main__ - INFO - 收到退出事件
2025-08-05 21:55:52,243 - __main__ - INFO - === 应用程序退出 ===
